Arguments: 
  C:\Program Files\nodejs\node.exe C:\Users\usama\AppData\Roaming\npm\node_modules\yarn\bin\yarn.js install --offline

PATH: 
  C:\Program Files\Common Files\Oracle\Java\javapath;C:\Windows\system32;C:\Windows;C:\Windows\System32\Wbem;C:\Windows\System32\WindowsPowerShell\v1.0\;C:\Windows\System32\OpenSSH\;C:\Program Files\nodejs\;C:\Program Files\Git\cmd;C:\Users\usama\AppData\Local\Programs\Python\Python310\Scripts\;C:\Users\usama\AppData\Local\Programs\Python\Python310\;C:\Users\usama\AppData\Local\Microsoft\WindowsApps;C:\Users\usama\AppData\Local\Programs\Microsoft VS Code\bin;C:\Users\usama\AppData\Local\GitHubDesktop\bin;C:\Users\usama\AppData\Roaming\npm

Yarn version: 
  1.22.17

Node version: 
  16.13.0

Platform: 
  win32 x64

Trace: 
  Invariant Violation: There should only be one folder in a package cache (got  in C:\Users\usama\AppData\Local\Yarn\Cache\v6\npm-typescript-eslint-parser-8.0.0-9c71a627da36e97da52ed2731d58509c952b67ae\node_modules)
      at invariant (C:\Users\usama\AppData\Roaming\npm\node_modules\yarn\lib\cli.js:2314:15)
      at C:\Users\usama\AppData\Roaming\npm\node_modules\yarn\lib\cli.js:60715:7
      at Generator.next (<anonymous>)
      at step (C:\Users\usama\AppData\Roaming\npm\node_modules\yarn\lib\cli.js:310:30)
      at C:\Users\usama\AppData\Roaming\npm\node_modules\yarn\lib\cli.js:321:13

npm manifest: 
  {
    "name": "doctorsahabclient",
    "version": "1.0.0",
    "main": "node_modules/expo/AppEntry.js",
    "scripts": {
      "start": "expo start",
      "android": "expo start --android",
      "ios": "expo start --ios",
      "web": "expo start --web",
      "eject": "expo eject"
    },
    "dependencies": {
      "expo": "~44.0.0",
      "expo-status-bar": "~1.2.0",
      "react": "17.0.1",
      "react-dom": "17.0.1",
      "react-native": "0.64.3",
      "react-native-web": "0.17.1"
    },
    "devDependencies": {
      "@babel/core": "^7.12.9"
    },
    "private": true
  }

yarn manifest: 
  No manifest

Lockfile: 
  No lockfile
